-------------------------------------------------------------------------------
Test set: net.breezeware.sfgpetclinic.SfgPetclinicApplicationTests
-------------------------------------------------------------------------------
Tests run: 1, Failures: 0, Errors: 1, Skipped: 0, Time elapsed: 0.183 s <<< FAILURE! - in net.breezeware.sfgpetclinic.SfgPetclinicApplicationTests
net.breezeware.sfgpetclinic.SfgPetclinicApplicationTests  Time elapsed: 0.182 s  <<< ERROR!
java.lang.IllegalStateException: Unable to find a @SpringBootConfiguration, you need to use @ContextConfiguration or @SpringBootTest(classes=...) with your test

